<?xml version="1.0" encoding="UTF-8"?>
<!-- Generated by org.testng.reporters.JUnitXMLReporter -->
<testsuite ignored="1" hostname="DESKTOP-ACRG6SS" failures="0" tests="6" name="Car Loan" time="0.124" errors="0" timestamp="2024-09-06T00:24:57 GMT-07:00">
  <testcase classname="Test.Day3" name="MobileSignoutCarloan" time="0.006"/>
  <testcase classname="Test.Day3" name="MobileSignoutCarloan" time="0.003"/>
  <testcase classname="Test.Day3" name="MobileSignoutCarloan" time="0.013"/>
  <testcase classname="Test.Day3" name="WebLoginCarloan" time="0.011"/>
  <testcase classname="Test.Day3" name="MobileSigninCarloan" time="0.006"/>
  <testcase classname="Test.Day3" name="LoginAPICarloan" time="0.001"/>
  <testcase classname="Test.Day3" name="MobileLoginCarloan" time="0.0">
    <ignored/>
  </testcase> <!-- MobileLoginCarloan -->
</testsuite> <!-- Car Loan -->
