<?xml version="1.0" encoding="UTF-8"?>
<!-- Generated by org.testng.reporters.JUnitXMLReporter -->
<testsuite ignored="2" hostname="DESKTOP-ACRG6SS" failures="0" tests="1" name="Home Loan" time="0.007" errors="0" timestamp="2024-09-06T00:24:57 GMT-07:00">
  <testcase classname="Test.Day4" name="LoginAPIHomeloan" time="0.001"/>
  <testcase classname="Test.Day4" name="WebLoginHomeloan" time="0.0">
    <ignored/>
  </testcase> <!-- WebLoginHomeloan -->
  <testcase classname="Test.Day4" name="MobileLoginHomeloan" time="0.0">
    <ignored/>
  </testcase> <!-- MobileLoginHomeloan -->
</testsuite> <!-- Home Loan -->
