<?xml version="1.0" encoding="UTF-8"?>
<!-- Generated by org.testng.reporters.JUnitXMLReporter -->
<testsuite ignored="7" hostname="DESKTOP-ACRG6SS" failures="0" tests="4" name="Regression" time="0.102" errors="0" timestamp="2024-09-05T21:53:51 GMT-07:00">
  <testcase classname="Test.Day1" name="pinfo" time="0.015"/>
  <testcase classname="Test.Day2" name="pinfo1" time="0.001"/>
  <testcase classname="Test.Day3" name="WebLoginCarloan" time="0.001"/>
  <testcase classname="Test.Day4" name="MobileLoginHomeloan" time="0.002"/>
  <testcase classname="Test.Day4" name="WebLoginHomeloan" time="0.0">
    <ignored/>
  </testcase> <!-- WebLoginHomeloan -->
  <testcase classname="Test.Day1" name="Demo" time="0.0">
    <ignored/>
  </testcase> <!-- Demo -->
  <testcase classname="Test.Day4" name="LoginAPIHomeloan" time="0.0">
    <ignored/>
  </testcase> <!-- LoginAPIHomeloan -->
  <testcase classname="Test.Day3" name="MobileLoginCarloan" time="0.0">
    <ignored/>
  </testcase> <!-- MobileLoginCarloan -->
  <testcase classname="Test.Day3" name="MobileSigninCarloan" time="0.0">
    <ignored/>
  </testcase> <!-- MobileSigninCarloan -->
  <testcase classname="Test.Day3" name="LoginAPICarloan" time="0.0">
    <ignored/>
  </testcase> <!-- LoginAPICarloan -->
  <testcase classname="Test.Day3" name="MobileSignoutCarloan" time="0.0">
    <ignored/>
  </testcase> <!-- MobileSignoutCarloan -->
</testsuite> <!-- Regression -->
